<?xml version="1.0" encoding="UTF-8"?>
<!-- Generated by org.testng.reporters.JUnitReportReporter -->
<testsuite hostname="LAPTOP-3RADJBSR" failures="0" tests="2" name="Test.Ebay_Parallel" time="12.338" errors="0" timestamp="2024-12-18T23:05:55 IST" skipped="0">
  <testcase classname="Test.Ebay_Parallel" name="test" time="6.079"/>
  <testcase classname="Test.Ebay_Parallel" name="test" time="6.259"/>
</testsuite> <!-- Test.Ebay_Parallel -->
